<?xml version="1.0" encoding="UTF-8"?>
<!-- Generated by org.testng.reporters.JUnitReportReporter -->
<testsuite hostname="DESKTOP-QK9M2DL" failures="0" tests="1" name="FirstTest" time="21.636" errors="0" timestamp="04 Aug. 2022 15:28:18 GMT" skipped="0">
  <testcase classname="FirstTest" name="test1" time="21.636"/>
</testsuite> <!-- FirstTest -->
